Warning: The use of a for around these statement(s) is unnecessary and probably inefficient.
Warning: The use of a for around these statement(s) is unnecessary and probably inefficient.
Warning: The use of a for around these statement(s) is unnecessary and probably inefficient.
Warning: The use of a for around these statement(s) is unnecessary and probably inefficient.
Warning: The use of a for around these statement(s) is unnecessary and probably inefficient.
Warning: The use of a for around these statement(s) is unnecessary and probably inefficient.
Warning: The use of a for around these statement(s) is unnecessary and probably inefficient.
Warning: The use of a for around these statement(s) is unnecessary and probably inefficient.
There is 72.211 Mb in use.
Warning: The rows "JobPriorSeqCon(Job_1,Job_10,1)" and "JobMultiPreq1(Job_10,Job_9,1)" are equal in the generated mathematical program "JobSchedulingInt". 
This may lead to non-unique shadow prices. 
For more information regarding potential causes and consequences, see the help associated with the option "Warning_duplicate_row".
Warning: The rows "JobPriorSeqCon(Job_1,Job_10,1)" and "JobPriorSeqCon(Job_2,Job_10,1)" are equal in the generated mathematical program "JobSchedulingInt". 
This may lead to non-unique shadow prices. 
For more information regarding potential causes and consequences, see the help associated with the option "Warning_duplicate_row".
Warning: The rows "JobPriorSeqCon(Job_2,Job_10,1)" and "JobMultiPreq1(Job_10,Job_1,1)" are equal in the generated mathematical program "JobSchedulingInt". 
This may lead to non-unique shadow prices. 
For more information regarding potential causes and consequences, see the help associated with the option "Warning_duplicate_row".
Warning: Only 3 out of 33 duplicate row warnings were reported. 
See also option limit_reported_duplicate_column_row_warnings.
Warning: The rows "JobPriorSeqCon(Job_1,Job_10,1)" and "JobMultiPreq1(Job_10,Job_9,1)" are equal in the generated mathematical program "JobSchedulingInt". 
This may lead to non-unique shadow prices. 
For more information regarding potential causes and consequences, see the help associated with the option "Warning_duplicate_row".
Warning: The rows "JobPriorSeqCon(Job_1,Job_10,1)" and "JobPriorSeqCon(Job_2,Job_10,1)" are equal in the generated mathematical program "JobSchedulingInt". 
This may lead to non-unique shadow prices. 
For more information regarding potential causes and consequences, see the help associated with the option "Warning_duplicate_row".
Warning: The rows "JobPriorSeqCon(Job_2,Job_10,1)" and "JobMultiPreq1(Job_10,Job_1,1)" are equal in the generated mathematical program "JobSchedulingInt". 
This may lead to non-unique shadow prices. 
For more information regarding potential causes and consequences, see the help associated with the option "Warning_duplicate_row".
Warning: Only 3 out of 33 duplicate row warnings were reported. 
See also option limit_reported_duplicate_column_row_warnings.
Warning: The rows "JobPriorSeqCon(Job_1,Job_10,1)" and "JobMultiPreq1(Job_10,Job_9,1)" are equal in the generated mathematical program "JobSchedulingInt". 
This may lead to non-unique shadow prices. 
For more information regarding potential causes and consequences, see the help associated with the option "Warning_duplicate_row".
Warning: The rows "JobPriorSeqCon(Job_1,Job_10,1)" and "JobPriorSeqCon(Job_2,Job_10,1)" are equal in the generated mathematical program "JobSchedulingInt". 
This may lead to non-unique shadow prices. 
For more information regarding potential causes and consequences, see the help associated with the option "Warning_duplicate_row".
Warning: The rows "JobPriorSeqCon(Job_2,Job_10,1)" and "JobMultiPreq1(Job_10,Job_1,1)" are equal in the generated mathematical program "JobSchedulingInt". 
This may lead to non-unique shadow prices. 
For more information regarding potential causes and consequences, see the help associated with the option "Warning_duplicate_row".
Warning: Only 3 out of 33 duplicate row warnings were reported. 
See also option limit_reported_duplicate_column_row_warnings.
Warning: The parameter "UpdatedJobRelation" is not initialized (default values are used).
Warning: The row "WorstPriorConstraint(Job_8,Job_9,1)" with type <= is made obsolete because of row "WorstCaseFixCurrent(Job_9,1)" with type = in the generated mathematical program "UpdateWorstCase", see also the option "Warning_duplicate_row".
Warning: The row "WorstPriorConstraint(Job_8,Job_9,2)" with type <= is made obsolete because of row "WorstCaseFixCurrent(Job_9,2)" with type = in the generated mathematical program "UpdateWorstCase", see also the option "Warning_duplicate_row".
Warning: The row "WorstPriorConstraint(Job_8,Job_9,3)" with type <= is made obsolete because of row "WorstCaseFixCurrent(Job_9,3)" with type = in the generated mathematical program "UpdateWorstCase", see also the option "Warning_duplicate_row".
Warning: Only 3 out of 128 duplicate row warnings were reported. 
See also option limit_reported_duplicate_column_row_warnings.
Warning: The rows "JobPriorSeqCon(Job_1,Job_10,1)" and "JobMultiPreq1(Job_10,Job_9,1)" are equal in the generated mathematical program "JobSchedulingInt". 
This may lead to non-unique shadow prices. 
For more information regarding potential causes and consequences, see the help associated with the option "Warning_duplicate_row".
Warning: The rows "JobPriorSeqCon(Job_1,Job_10,1)" and "JobPriorSeqCon(Job_2,Job_10,1)" are equal in the generated mathematical program "JobSchedulingInt". 
This may lead to non-unique shadow prices. 
For more information regarding potential causes and consequences, see the help associated with the option "Warning_duplicate_row".
Warning: The rows "JobPriorSeqCon(Job_2,Job_10,1)" and "JobMultiPreq1(Job_10,Job_1,1)" are equal in the generated mathematical program "JobSchedulingInt". 
This may lead to non-unique shadow prices. 
For more information regarding potential causes and consequences, see the help associated with the option "Warning_duplicate_row".
The maximum of 20 warnings reached, further warnings suppressed. 
See also option maximal_number_of_warnings_reported
Warning: The rows "JobPriorSeqCon(Job_1,Job_10,1)" and "JobMultiPreq1(Job_10,Job_9,1)" are equal in the generated mathematical program "JobSchedulingInt". 
This may lead to non-unique shadow prices. 
For more information regarding potential causes and consequences, see the help associated with the option "Warning_duplicate_row".
Warning: The rows "JobPriorSeqCon(Job_1,Job_10,1)" and "JobPriorSeqCon(Job_2,Job_10,1)" are equal in the generated mathematical program "JobSchedulingInt". 
This may lead to non-unique shadow prices. 
For more information regarding potential causes and consequences, see the help associated with the option "Warning_duplicate_row".
Warning: The rows "JobPriorSeqCon(Job_2,Job_10,1)" and "JobMultiPreq1(Job_10,Job_1,1)" are equal in the generated mathematical program "JobSchedulingInt". 
This may lead to non-unique shadow prices. 
For more information regarding potential causes and consequences, see the help associated with the option "Warning_duplicate_row".
Warning: Only 3 out of 33 duplicate row warnings were reported. 
See also option limit_reported_duplicate_column_row_warnings.
Warning: The rows "JobPriorSeqCon(Job_1,Job_10,1)" and "JobMultiPreq1(Job_10,Job_9,1)" are equal in the generated mathematical program "JobSchedulingInt". 
This may lead to non-unique shadow prices. 
For more information regarding potential causes and consequences, see the help associated with the option "Warning_duplicate_row".
Warning: The rows "JobPriorSeqCon(Job_1,Job_10,1)" and "JobPriorSeqCon(Job_2,Job_10,1)" are equal in the generated mathematical program "JobSchedulingInt". 
This may lead to non-unique shadow prices. 
For more information regarding potential causes and consequences, see the help associated with the option "Warning_duplicate_row".
Warning: The rows "JobPriorSeqCon(Job_2,Job_10,1)" and "JobMultiPreq1(Job_10,Job_1,1)" are equal in the generated mathematical program "JobSchedulingInt". 
This may lead to non-unique shadow prices. 
For more information regarding potential causes and consequences, see the help associated with the option "Warning_duplicate_row".
Warning: Only 3 out of 33 duplicate row warnings were reported. 
See also option limit_reported_duplicate_column_row_warnings.
Warning: The rows "JobPriorSeqCon(Job_1,Job_10,1)" and "JobMultiPreq1(Job_10,Job_9,1)" are equal in the generated mathematical program "JobSchedulingInt". 
This may lead to non-unique shadow prices. 
For more information regarding potential causes and consequences, see the help associated with the option "Warning_duplicate_row".
Warning: The rows "JobPriorSeqCon(Job_1,Job_10,1)" and "JobPriorSeqCon(Job_2,Job_10,1)" are equal in the generated mathematical program "JobSchedulingInt". 
This may lead to non-unique shadow prices. 
For more information regarding potential causes and consequences, see the help associated with the option "Warning_duplicate_row".
Warning: The rows "JobPriorSeqCon(Job_2,Job_10,1)" and "JobMultiPreq1(Job_10,Job_1,1)" are equal in the generated mathematical program "JobSchedulingInt". 
This may lead to non-unique shadow prices. 
For more information regarding potential causes and consequences, see the help associated with the option "Warning_duplicate_row".
Warning: Only 3 out of 33 duplicate row warnings were reported. 
See also option limit_reported_duplicate_column_row_warnings.
Warning: The row "WorstPriorConstraint(Job_8,Job_9,1)" with type <= is made obsolete because of row "WorstCaseFixCurrent(Job_9,1)" with type = in the generated mathematical program "UpdateWorstCase", see also the option "Warning_duplicate_row".
Warning: The row "WorstPriorConstraint(Job_8,Job_9,2)" with type <= is made obsolete because of row "WorstCaseFixCurrent(Job_9,2)" with type = in the generated mathematical program "UpdateWorstCase", see also the option "Warning_duplicate_row".
Warning: The row "WorstPriorConstraint(Job_8,Job_9,3)" with type <= is made obsolete because of row "WorstCaseFixCurrent(Job_9,3)" with type = in the generated mathematical program "UpdateWorstCase", see also the option "Warning_duplicate_row".
Warning: Only 3 out of 128 duplicate row warnings were reported. 
See also option limit_reported_duplicate_column_row_warnings.
Warning: The rows "JobPriorSeqCon(Job_1,Job_10,1)" and "JobMultiPreq1(Job_10,Job_9,1)" are equal in the generated mathematical program "JobSchedulingInt". 
This may lead to non-unique shadow prices. 
For more information regarding potential causes and consequences, see the help associated with the option "Warning_duplicate_row".
Warning: The rows "JobPriorSeqCon(Job_1,Job_10,1)" and "JobPriorSeqCon(Job_2,Job_10,1)" are equal in the generated mathematical program "JobSchedulingInt". 
This may lead to non-unique shadow prices. 
For more information regarding potential causes and consequences, see the help associated with the option "Warning_duplicate_row".
Warning: The rows "JobPriorSeqCon(Job_2,Job_10,1)" and "JobMultiPreq1(Job_10,Job_1,1)" are equal in the generated mathematical program "JobSchedulingInt". 
This may lead to non-unique shadow prices. 
For more information regarding potential causes and consequences, see the help associated with the option "Warning_duplicate_row".
Warning: Only 3 out of 33 duplicate row warnings were reported. 
See also option limit_reported_duplicate_column_row_warnings.
The maximum of 20 warnings reached, further warnings suppressed. 
See also option maximal_number_of_warnings_reported
Warning: The rows "JobPriorSeqCon(Job_1,Job_10,1)" and "JobMultiPreq1(Job_10,Job_9,1)" are equal in the generated mathematical program "JobSchedulingInt". 
This may lead to non-unique shadow prices. 
For more information regarding potential causes and consequences, see the help associated with the option "Warning_duplicate_row".
Warning: The rows "JobPriorSeqCon(Job_1,Job_10,1)" and "JobPriorSeqCon(Job_2,Job_10,1)" are equal in the generated mathematical program "JobSchedulingInt". 
This may lead to non-unique shadow prices. 
For more information regarding potential causes and consequences, see the help associated with the option "Warning_duplicate_row".
Warning: The rows "JobPriorSeqCon(Job_2,Job_10,1)" and "JobMultiPreq1(Job_10,Job_1,1)" are equal in the generated mathematical program "JobSchedulingInt". 
This may lead to non-unique shadow prices. 
For more information regarding potential causes and consequences, see the help associated with the option "Warning_duplicate_row".
Warning: Only 3 out of 33 duplicate row warnings were reported. 
See also option limit_reported_duplicate_column_row_warnings.
Warning: The rows "JobPriorSeqCon(Job_1,Job_10,1)" and "JobMultiPreq1(Job_10,Job_9,1)" are equal in the generated mathematical program "JobSchedulingInt". 
This may lead to non-unique shadow prices. 
For more information regarding potential causes and consequences, see the help associated with the option "Warning_duplicate_row".
Warning: The rows "JobPriorSeqCon(Job_1,Job_10,1)" and "JobPriorSeqCon(Job_2,Job_10,1)" are equal in the generated mathematical program "JobSchedulingInt". 
This may lead to non-unique shadow prices. 
For more information regarding potential causes and consequences, see the help associated with the option "Warning_duplicate_row".
Warning: The rows "JobPriorSeqCon(Job_2,Job_10,1)" and "JobMultiPreq1(Job_10,Job_1,1)" are equal in the generated mathematical program "JobSchedulingInt". 
This may lead to non-unique shadow prices. 
For more information regarding potential causes and consequences, see the help associated with the option "Warning_duplicate_row".
Warning: Only 3 out of 33 duplicate row warnings were reported. 
See also option limit_reported_duplicate_column_row_warnings.
Warning: The rows "JobPriorSeqCon(Job_1,Job_10,1)" and "JobMultiPreq1(Job_10,Job_9,1)" are equal in the generated mathematical program "JobSchedulingInt". 
This may lead to non-unique shadow prices. 
For more information regarding potential causes and consequences, see the help associated with the option "Warning_duplicate_row".
Warning: The rows "JobPriorSeqCon(Job_1,Job_10,1)" and "JobPriorSeqCon(Job_2,Job_10,1)" are equal in the generated mathematical program "JobSchedulingInt". 
This may lead to non-unique shadow prices. 
For more information regarding potential causes and consequences, see the help associated with the option "Warning_duplicate_row".
Warning: The rows "JobPriorSeqCon(Job_2,Job_10,1)" and "JobMultiPreq1(Job_10,Job_1,1)" are equal in the generated mathematical program "JobSchedulingInt". 
This may lead to non-unique shadow prices. 
For more information regarding potential causes and consequences, see the help associated with the option "Warning_duplicate_row".
Warning: Only 3 out of 33 duplicate row warnings were reported. 
See also option limit_reported_duplicate_column_row_warnings.
Warning: The row "WorstPriorConstraint(Job_8,Job_9,1)" with type <= is made obsolete because of row "WorstCaseFixCurrent(Job_9,1)" with type = in the generated mathematical program "UpdateWorstCase", see also the option "Warning_duplicate_row".
Warning: The row "WorstPriorConstraint(Job_8,Job_9,2)" with type <= is made obsolete because of row "WorstCaseFixCurrent(Job_9,2)" with type = in the generated mathematical program "UpdateWorstCase", see also the option "Warning_duplicate_row".
Warning: The row "WorstPriorConstraint(Job_8,Job_9,3)" with type <= is made obsolete because of row "WorstCaseFixCurrent(Job_9,3)" with type = in the generated mathematical program "UpdateWorstCase", see also the option "Warning_duplicate_row".
Warning: Only 3 out of 128 duplicate row warnings were reported. 
See also option limit_reported_duplicate_column_row_warnings.
Warning: The rows "JobPriorSeqCon(Job_1,Job_10,1)" and "JobMultiPreq1(Job_10,Job_9,1)" are equal in the generated mathematical program "JobSchedulingInt". 
This may lead to non-unique shadow prices. 
For more information regarding potential causes and consequences, see the help associated with the option "Warning_duplicate_row".
Warning: The rows "JobPriorSeqCon(Job_1,Job_10,1)" and "JobPriorSeqCon(Job_2,Job_10,1)" are equal in the generated mathematical program "JobSchedulingInt". 
This may lead to non-unique shadow prices. 
For more information regarding potential causes and consequences, see the help associated with the option "Warning_duplicate_row".
Warning: The rows "JobPriorSeqCon(Job_2,Job_10,1)" and "JobMultiPreq1(Job_10,Job_1,1)" are equal in the generated mathematical program "JobSchedulingInt". 
This may lead to non-unique shadow prices. 
For more information regarding potential causes and consequences, see the help associated with the option "Warning_duplicate_row".
Warning: Only 3 out of 33 duplicate row warnings were reported. 
See also option limit_reported_duplicate_column_row_warnings.
The maximum of 20 warnings reached, further warnings suppressed. 
See also option maximal_number_of_warnings_reported
Warning: The rows "JobPriorSeqCon(Job_1,Job_10,1)" and "JobMultiPreq1(Job_10,Job_9,1)" are equal in the generated mathematical program "JobSchedulingInt". 
This may lead to non-unique shadow prices. 
For more information regarding potential causes and consequences, see the help associated with the option "Warning_duplicate_row".
Warning: The rows "JobPriorSeqCon(Job_1,Job_10,1)" and "JobPriorSeqCon(Job_2,Job_10,1)" are equal in the generated mathematical program "JobSchedulingInt". 
This may lead to non-unique shadow prices. 
For more information regarding potential causes and consequences, see the help associated with the option "Warning_duplicate_row".
Warning: The rows "JobPriorSeqCon(Job_2,Job_10,1)" and "JobMultiPreq1(Job_10,Job_1,1)" are equal in the generated mathematical program "JobSchedulingInt". 
This may lead to non-unique shadow prices. 
For more information regarding potential causes and consequences, see the help associated with the option "Warning_duplicate_row".
Warning: Only 3 out of 33 duplicate row warnings were reported. 
See also option limit_reported_duplicate_column_row_warnings.
Warning: The rows "JobPriorSeqCon(Job_1,Job_10,1)" and "JobMultiPreq1(Job_10,Job_9,1)" are equal in the generated mathematical program "JobSchedulingInt". 
This may lead to non-unique shadow prices. 
For more information regarding potential causes and consequences, see the help associated with the option "Warning_duplicate_row".
Warning: The rows "JobPriorSeqCon(Job_1,Job_10,1)" and "JobPriorSeqCon(Job_2,Job_10,1)" are equal in the generated mathematical program "JobSchedulingInt". 
This may lead to non-unique shadow prices. 
For more information regarding potential causes and consequences, see the help associated with the option "Warning_duplicate_row".
Warning: The rows "JobPriorSeqCon(Job_2,Job_10,1)" and "JobMultiPreq1(Job_10,Job_1,1)" are equal in the generated mathematical program "JobSchedulingInt". 
This may lead to non-unique shadow prices. 
For more information regarding potential causes and consequences, see the help associated with the option "Warning_duplicate_row".
Warning: Only 3 out of 33 duplicate row warnings were reported. 
See also option limit_reported_duplicate_column_row_warnings.
Warning: The rows "JobPriorSeqCon(Job_1,Job_10,1)" and "JobMultiPreq1(Job_10,Job_9,1)" are equal in the generated mathematical program "JobSchedulingInt". 
This may lead to non-unique shadow prices. 
For more information regarding potential causes and consequences, see the help associated with the option "Warning_duplicate_row".
Warning: The rows "JobPriorSeqCon(Job_1,Job_10,1)" and "JobPriorSeqCon(Job_2,Job_10,1)" are equal in the generated mathematical program "JobSchedulingInt". 
This may lead to non-unique shadow prices. 
For more information regarding potential causes and consequences, see the help associated with the option "Warning_duplicate_row".
Warning: The rows "JobPriorSeqCon(Job_2,Job_10,1)" and "JobMultiPreq1(Job_10,Job_1,1)" are equal in the generated mathematical program "JobSchedulingInt". 
This may lead to non-unique shadow prices. 
For more information regarding potential causes and consequences, see the help associated with the option "Warning_duplicate_row".
Warning: Only 3 out of 33 duplicate row warnings were reported. 
See also option limit_reported_duplicate_column_row_warnings.
Warning: The row "WorstPriorConstraint(Job_8,Job_9,1)" with type <= is made obsolete because of row "WorstCaseFixCurrent(Job_9,1)" with type = in the generated mathematical program "UpdateWorstCase", see also the option "Warning_duplicate_row".
Warning: The row "WorstPriorConstraint(Job_8,Job_9,2)" with type <= is made obsolete because of row "WorstCaseFixCurrent(Job_9,2)" with type = in the generated mathematical program "UpdateWorstCase", see also the option "Warning_duplicate_row".
Warning: The row "WorstPriorConstraint(Job_8,Job_9,3)" with type <= is made obsolete because of row "WorstCaseFixCurrent(Job_9,3)" with type = in the generated mathematical program "UpdateWorstCase", see also the option "Warning_duplicate_row".
Warning: Only 3 out of 128 duplicate row warnings were reported. 
See also option limit_reported_duplicate_column_row_warnings.
Warning: The rows "JobPriorSeqCon(Job_1,Job_10,1)" and "JobMultiPreq1(Job_10,Job_9,1)" are equal in the generated mathematical program "JobSchedulingInt". 
This may lead to non-unique shadow prices. 
For more information regarding potential causes and consequences, see the help associated with the option "Warning_duplicate_row".
Warning: The rows "JobPriorSeqCon(Job_1,Job_10,1)" and "JobPriorSeqCon(Job_2,Job_10,1)" are equal in the generated mathematical program "JobSchedulingInt". 
This may lead to non-unique shadow prices. 
For more information regarding potential causes and consequences, see the help associated with the option "Warning_duplicate_row".
Warning: The rows "JobPriorSeqCon(Job_2,Job_10,1)" and "JobMultiPreq1(Job_10,Job_1,1)" are equal in the generated mathematical program "JobSchedulingInt". 
This may lead to non-unique shadow prices. 
For more information regarding potential causes and consequences, see the help associated with the option "Warning_duplicate_row".
Warning: Only 3 out of 33 duplicate row warnings were reported. 
See also option limit_reported_duplicate_column_row_warnings.
The maximum of 20 warnings reached, further warnings suppressed. 
See also option maximal_number_of_warnings_reported
Warning: The rows "JobPriorSeqCon(Job_1,Job_10,1)" and "JobMultiPreq1(Job_10,Job_9,1)" are equal in the generated mathematical program "JobSchedulingInt". 
This may lead to non-unique shadow prices. 
For more information regarding potential causes and consequences, see the help associated with the option "Warning_duplicate_row".
Warning: The rows "JobPriorSeqCon(Job_1,Job_10,1)" and "JobPriorSeqCon(Job_2,Job_10,1)" are equal in the generated mathematical program "JobSchedulingInt". 
This may lead to non-unique shadow prices. 
For more information regarding potential causes and consequences, see the help associated with the option "Warning_duplicate_row".
Warning: The rows "JobPriorSeqCon(Job_2,Job_10,1)" and "JobMultiPreq1(Job_10,Job_1,1)" are equal in the generated mathematical program "JobSchedulingInt". 
This may lead to non-unique shadow prices. 
For more information regarding potential causes and consequences, see the help associated with the option "Warning_duplicate_row".
Warning: Only 3 out of 33 duplicate row warnings were reported. 
See also option limit_reported_duplicate_column_row_warnings.
Warning: The rows "JobPriorSeqCon(Job_1,Job_10,1)" and "JobMultiPreq1(Job_10,Job_9,1)" are equal in the generated mathematical program "JobSchedulingInt". 
This may lead to non-unique shadow prices. 
For more information regarding potential causes and consequences, see the help associated with the option "Warning_duplicate_row".
Warning: The rows "JobPriorSeqCon(Job_1,Job_10,1)" and "JobPriorSeqCon(Job_2,Job_10,1)" are equal in the generated mathematical program "JobSchedulingInt". 
This may lead to non-unique shadow prices. 
For more information regarding potential causes and consequences, see the help associated with the option "Warning_duplicate_row".
Warning: The rows "JobPriorSeqCon(Job_2,Job_10,1)" and "JobMultiPreq1(Job_10,Job_1,1)" are equal in the generated mathematical program "JobSchedulingInt". 
This may lead to non-unique shadow prices. 
For more information regarding potential causes and consequences, see the help associated with the option "Warning_duplicate_row".
Warning: Only 3 out of 33 duplicate row warnings were reported. 
See also option limit_reported_duplicate_column_row_warnings.
Warning: The rows "JobPriorSeqCon(Job_1,Job_10,1)" and "JobMultiPreq1(Job_10,Job_9,1)" are equal in the generated mathematical program "JobSchedulingInt". 
This may lead to non-unique shadow prices. 
For more information regarding potential causes and consequences, see the help associated with the option "Warning_duplicate_row".
Warning: The rows "JobPriorSeqCon(Job_1,Job_10,1)" and "JobPriorSeqCon(Job_2,Job_10,1)" are equal in the generated mathematical program "JobSchedulingInt". 
This may lead to non-unique shadow prices. 
For more information regarding potential causes and consequences, see the help associated with the option "Warning_duplicate_row".
Warning: The rows "JobPriorSeqCon(Job_2,Job_10,1)" and "JobMultiPreq1(Job_10,Job_1,1)" are equal in the generated mathematical program "JobSchedulingInt". 
This may lead to non-unique shadow prices. 
For more information regarding potential causes and consequences, see the help associated with the option "Warning_duplicate_row".
Warning: Only 3 out of 33 duplicate row warnings were reported. 
See also option limit_reported_duplicate_column_row_warnings.
Warning: The row "WorstPriorConstraint(Job_8,Job_9,1)" with type <= is made obsolete because of row "WorstCaseFixCurrent(Job_9,1)" with type = in the generated mathematical program "UpdateWorstCase", see also the option "Warning_duplicate_row".
Warning: The row "WorstPriorConstraint(Job_8,Job_9,2)" with type <= is made obsolete because of row "WorstCaseFixCurrent(Job_9,2)" with type = in the generated mathematical program "UpdateWorstCase", see also the option "Warning_duplicate_row".
Warning: The row "WorstPriorConstraint(Job_8,Job_9,3)" with type <= is made obsolete because of row "WorstCaseFixCurrent(Job_9,3)" with type = in the generated mathematical program "UpdateWorstCase", see also the option "Warning_duplicate_row".
Warning: Only 3 out of 128 duplicate row warnings were reported. 
See also option limit_reported_duplicate_column_row_warnings.
Warning: The rows "JobPriorSeqCon(Job_1,Job_10,1)" and "JobMultiPreq1(Job_10,Job_9,1)" are equal in the generated mathematical program "JobSchedulingInt". 
This may lead to non-unique shadow prices. 
For more information regarding potential causes and consequences, see the help associated with the option "Warning_duplicate_row".
Warning: The rows "JobPriorSeqCon(Job_1,Job_10,1)" and "JobPriorSeqCon(Job_2,Job_10,1)" are equal in the generated mathematical program "JobSchedulingInt". 
This may lead to non-unique shadow prices. 
For more information regarding potential causes and consequences, see the help associated with the option "Warning_duplicate_row".
Warning: The rows "JobPriorSeqCon(Job_2,Job_10,1)" and "JobMultiPreq1(Job_10,Job_1,1)" are equal in the generated mathematical program "JobSchedulingInt". 
This may lead to non-unique shadow prices. 
For more information regarding potential causes and consequences, see the help associated with the option "Warning_duplicate_row".
Warning: Only 3 out of 33 duplicate row warnings were reported. 
See also option limit_reported_duplicate_column_row_warnings.
The maximum of 20 warnings reached, further warnings suppressed. 
See also option maximal_number_of_warnings_reported
Warning: The rows "JobPriorSeqCon(Job_1,Job_10,1)" and "JobMultiPreq1(Job_10,Job_9,1)" are equal in the generated mathematical program "JobSchedulingInt". 
This may lead to non-unique shadow prices. 
For more information regarding potential causes and consequences, see the help associated with the option "Warning_duplicate_row".
Warning: The rows "JobPriorSeqCon(Job_1,Job_10,1)" and "JobPriorSeqCon(Job_2,Job_10,1)" are equal in the generated mathematical program "JobSchedulingInt". 
This may lead to non-unique shadow prices. 
For more information regarding potential causes and consequences, see the help associated with the option "Warning_duplicate_row".
Warning: The rows "JobPriorSeqCon(Job_2,Job_10,1)" and "JobMultiPreq1(Job_10,Job_1,1)" are equal in the generated mathematical program "JobSchedulingInt". 
This may lead to non-unique shadow prices. 
For more information regarding potential causes and consequences, see the help associated with the option "Warning_duplicate_row".
Warning: Only 3 out of 33 duplicate row warnings were reported. 
See also option limit_reported_duplicate_column_row_warnings.
Warning: The rows "JobPriorSeqCon(Job_1,Job_10,1)" and "JobMultiPreq1(Job_10,Job_9,1)" are equal in the generated mathematical program "JobSchedulingInt". 
This may lead to non-unique shadow prices. 
For more information regarding potential causes and consequences, see the help associated with the option "Warning_duplicate_row".
Warning: The rows "JobPriorSeqCon(Job_1,Job_10,1)" and "JobPriorSeqCon(Job_2,Job_10,1)" are equal in the generated mathematical program "JobSchedulingInt". 
This may lead to non-unique shadow prices. 
For more information regarding potential causes and consequences, see the help associated with the option "Warning_duplicate_row".
Warning: The rows "JobPriorSeqCon(Job_2,Job_10,1)" and "JobMultiPreq1(Job_10,Job_1,1)" are equal in the generated mathematical program "JobSchedulingInt". 
This may lead to non-unique shadow prices. 
For more information regarding potential causes and consequences, see the help associated with the option "Warning_duplicate_row".
Warning: Only 3 out of 33 duplicate row warnings were reported. 
See also option limit_reported_duplicate_column_row_warnings.
Warning: The rows "JobPriorSeqCon(Job_1,Job_10,1)" and "JobMultiPreq1(Job_10,Job_9,1)" are equal in the generated mathematical program "JobSchedulingInt". 
This may lead to non-unique shadow prices. 
For more information regarding potential causes and consequences, see the help associated with the option "Warning_duplicate_row".
Warning: The rows "JobPriorSeqCon(Job_1,Job_10,1)" and "JobPriorSeqCon(Job_2,Job_10,1)" are equal in the generated mathematical program "JobSchedulingInt". 
This may lead to non-unique shadow prices. 
For more information regarding potential causes and consequences, see the help associated with the option "Warning_duplicate_row".
Warning: The rows "JobPriorSeqCon(Job_2,Job_10,1)" and "JobMultiPreq1(Job_10,Job_1,1)" are equal in the generated mathematical program "JobSchedulingInt". 
This may lead to non-unique shadow prices. 
For more information regarding potential causes and consequences, see the help associated with the option "Warning_duplicate_row".
Warning: Only 3 out of 33 duplicate row warnings were reported. 
See also option limit_reported_duplicate_column_row_warnings.
Warning: The row "WorstPriorConstraint(Job_8,Job_9,1)" with type <= is made obsolete because of row "WorstCaseFixCurrent(Job_9,1)" with type = in the generated mathematical program "UpdateWorstCase", see also the option "Warning_duplicate_row".
Warning: The row "WorstPriorConstraint(Job_8,Job_9,2)" with type <= is made obsolete because of row "WorstCaseFixCurrent(Job_9,2)" with type = in the generated mathematical program "UpdateWorstCase", see also the option "Warning_duplicate_row".
Warning: The row "WorstPriorConstraint(Job_8,Job_9,3)" with type <= is made obsolete because of row "WorstCaseFixCurrent(Job_9,3)" with type = in the generated mathematical program "UpdateWorstCase", see also the option "Warning_duplicate_row".
Warning: Only 3 out of 128 duplicate row warnings were reported. 
See also option limit_reported_duplicate_column_row_warnings.
Warning: The rows "JobPriorSeqCon(Job_1,Job_10,1)" and "JobMultiPreq1(Job_10,Job_9,1)" are equal in the generated mathematical program "JobSchedulingInt". 
This may lead to non-unique shadow prices. 
For more information regarding potential causes and consequences, see the help associated with the option "Warning_duplicate_row".
Warning: The rows "JobPriorSeqCon(Job_1,Job_10,1)" and "JobPriorSeqCon(Job_2,Job_10,1)" are equal in the generated mathematical program "JobSchedulingInt". 
This may lead to non-unique shadow prices. 
For more information regarding potential causes and consequences, see the help associated with the option "Warning_duplicate_row".
Warning: The rows "JobPriorSeqCon(Job_2,Job_10,1)" and "JobMultiPreq1(Job_10,Job_1,1)" are equal in the generated mathematical program "JobSchedulingInt". 
This may lead to non-unique shadow prices. 
For more information regarding potential causes and consequences, see the help associated with the option "Warning_duplicate_row".
Warning: Only 3 out of 33 duplicate row warnings were reported. 
See also option limit_reported_duplicate_column_row_warnings.
The maximum of 20 warnings reached, further warnings suppressed. 
See also option maximal_number_of_warnings_reported
Warning: The rows "JobPriorSeqCon(Job_1,Job_10,1)" and "JobMultiPreq1(Job_10,Job_9,1)" are equal in the generated mathematical program "JobSchedulingInt". 
This may lead to non-unique shadow prices. 
For more information regarding potential causes and consequences, see the help associated with the option "Warning_duplicate_row".
Warning: The rows "JobPriorSeqCon(Job_1,Job_10,1)" and "JobPriorSeqCon(Job_2,Job_10,1)" are equal in the generated mathematical program "JobSchedulingInt". 
This may lead to non-unique shadow prices. 
For more information regarding potential causes and consequences, see the help associated with the option "Warning_duplicate_row".
Warning: The rows "JobPriorSeqCon(Job_2,Job_10,1)" and "JobMultiPreq1(Job_10,Job_1,1)" are equal in the generated mathematical program "JobSchedulingInt". 
This may lead to non-unique shadow prices. 
For more information regarding potential causes and consequences, see the help associated with the option "Warning_duplicate_row".
Warning: Only 3 out of 33 duplicate row warnings were reported. 
See also option limit_reported_duplicate_column_row_warnings.
Warning: The rows "JobPriorSeqCon(Job_1,Job_10,1)" and "JobMultiPreq1(Job_10,Job_9,1)" are equal in the generated mathematical program "JobSchedulingInt". 
This may lead to non-unique shadow prices. 
For more information regarding potential causes and consequences, see the help associated with the option "Warning_duplicate_row".
Warning: The rows "JobPriorSeqCon(Job_1,Job_10,1)" and "JobPriorSeqCon(Job_2,Job_10,1)" are equal in the generated mathematical program "JobSchedulingInt". 
This may lead to non-unique shadow prices. 
For more information regarding potential causes and consequences, see the help associated with the option "Warning_duplicate_row".
Warning: The rows "JobPriorSeqCon(Job_2,Job_10,1)" and "JobMultiPreq1(Job_10,Job_1,1)" are equal in the generated mathematical program "JobSchedulingInt". 
This may lead to non-unique shadow prices. 
For more information regarding potential causes and consequences, see the help associated with the option "Warning_duplicate_row".
Warning: Only 3 out of 33 duplicate row warnings were reported. 
See also option limit_reported_duplicate_column_row_warnings.
Warning: The rows "JobPriorSeqCon(Job_1,Job_10,1)" and "JobMultiPreq1(Job_10,Job_9,1)" are equal in the generated mathematical program "JobSchedulingInt". 
This may lead to non-unique shadow prices. 
For more information regarding potential causes and consequences, see the help associated with the option "Warning_duplicate_row".
Warning: The rows "JobPriorSeqCon(Job_1,Job_10,1)" and "JobPriorSeqCon(Job_2,Job_10,1)" are equal in the generated mathematical program "JobSchedulingInt". 
This may lead to non-unique shadow prices. 
For more information regarding potential causes and consequences, see the help associated with the option "Warning_duplicate_row".
Warning: The rows "JobPriorSeqCon(Job_2,Job_10,1)" and "JobMultiPreq1(Job_10,Job_1,1)" are equal in the generated mathematical program "JobSchedulingInt". 
This may lead to non-unique shadow prices. 
For more information regarding potential causes and consequences, see the help associated with the option "Warning_duplicate_row".
Warning: Only 3 out of 33 duplicate row warnings were reported. 
See also option limit_reported_duplicate_column_row_warnings.
Warning: The row "WorstPriorConstraint(Job_8,Job_9,1)" with type <= is made obsolete because of row "WorstCaseFixCurrent(Job_9,1)" with type = in the generated mathematical program "UpdateWorstCase", see also the option "Warning_duplicate_row".
Warning: The row "WorstPriorConstraint(Job_8,Job_9,2)" with type <= is made obsolete because of row "WorstCaseFixCurrent(Job_9,2)" with type = in the generated mathematical program "UpdateWorstCase", see also the option "Warning_duplicate_row".
Warning: The row "WorstPriorConstraint(Job_8,Job_9,3)" with type <= is made obsolete because of row "WorstCaseFixCurrent(Job_9,3)" with type = in the generated mathematical program "UpdateWorstCase", see also the option "Warning_duplicate_row".
Warning: Only 3 out of 128 duplicate row warnings were reported. 
See also option limit_reported_duplicate_column_row_warnings.
Warning: The rows "JobPriorSeqCon(Job_1,Job_10,1)" and "JobMultiPreq1(Job_10,Job_9,1)" are equal in the generated mathematical program "JobSchedulingInt". 
This may lead to non-unique shadow prices. 
For more information regarding potential causes and consequences, see the help associated with the option "Warning_duplicate_row".
Warning: The rows "JobPriorSeqCon(Job_1,Job_10,1)" and "JobPriorSeqCon(Job_2,Job_10,1)" are equal in the generated mathematical program "JobSchedulingInt". 
This may lead to non-unique shadow prices. 
For more information regarding potential causes and consequences, see the help associated with the option "Warning_duplicate_row".
Warning: The rows "JobPriorSeqCon(Job_2,Job_10,1)" and "JobMultiPreq1(Job_10,Job_1,1)" are equal in the generated mathematical program "JobSchedulingInt". 
This may lead to non-unique shadow prices. 
For more information regarding potential causes and consequences, see the help associated with the option "Warning_duplicate_row".
Warning: Only 3 out of 33 duplicate row warnings were reported. 
See also option limit_reported_duplicate_column_row_warnings.
The maximum of 20 warnings reached, further warnings suppressed. 
See also option maximal_number_of_warnings_reported
Warning: The rows "JobPriorSeqCon(Job_1,Job_10,1)" and "JobMultiPreq1(Job_10,Job_9,1)" are equal in the generated mathematical program "JobSchedulingInt". 
This may lead to non-unique shadow prices. 
For more information regarding potential causes and consequences, see the help associated with the option "Warning_duplicate_row".
Warning: The rows "JobPriorSeqCon(Job_1,Job_10,1)" and "JobPriorSeqCon(Job_2,Job_10,1)" are equal in the generated mathematical program "JobSchedulingInt". 
This may lead to non-unique shadow prices. 
For more information regarding potential causes and consequences, see the help associated with the option "Warning_duplicate_row".
Warning: The rows "JobPriorSeqCon(Job_2,Job_10,1)" and "JobMultiPreq1(Job_10,Job_1,1)" are equal in the generated mathematical program "JobSchedulingInt". 
This may lead to non-unique shadow prices. 
For more information regarding potential causes and consequences, see the help associated with the option "Warning_duplicate_row".
Warning: Only 3 out of 33 duplicate row warnings were reported. 
See also option limit_reported_duplicate_column_row_warnings.
Warning: The rows "JobPriorSeqCon(Job_1,Job_10,1)" and "JobMultiPreq1(Job_10,Job_9,1)" are equal in the generated mathematical program "JobSchedulingInt". 
This may lead to non-unique shadow prices. 
For more information regarding potential causes and consequences, see the help associated with the option "Warning_duplicate_row".
Warning: The rows "JobPriorSeqCon(Job_1,Job_10,1)" and "JobPriorSeqCon(Job_2,Job_10,1)" are equal in the generated mathematical program "JobSchedulingInt". 
This may lead to non-unique shadow prices. 
For more information regarding potential causes and consequences, see the help associated with the option "Warning_duplicate_row".
Warning: The rows "JobPriorSeqCon(Job_2,Job_10,1)" and "JobMultiPreq1(Job_10,Job_1,1)" are equal in the generated mathematical program "JobSchedulingInt". 
This may lead to non-unique shadow prices. 
For more information regarding potential causes and consequences, see the help associated with the option "Warning_duplicate_row".
Warning: Only 3 out of 33 duplicate row warnings were reported. 
See also option limit_reported_duplicate_column_row_warnings.
Warning: The rows "JobPriorSeqCon(Job_1,Job_10,1)" and "JobMultiPreq1(Job_10,Job_9,1)" are equal in the generated mathematical program "JobSchedulingInt". 
This may lead to non-unique shadow prices. 
For more information regarding potential causes and consequences, see the help associated with the option "Warning_duplicate_row".
Warning: The rows "JobPriorSeqCon(Job_1,Job_10,1)" and "JobPriorSeqCon(Job_2,Job_10,1)" are equal in the generated mathematical program "JobSchedulingInt". 
This may lead to non-unique shadow prices. 
For more information regarding potential causes and consequences, see the help associated with the option "Warning_duplicate_row".
Warning: The rows "JobPriorSeqCon(Job_2,Job_10,1)" and "JobMultiPreq1(Job_10,Job_1,1)" are equal in the generated mathematical program "JobSchedulingInt". 
This may lead to non-unique shadow prices. 
For more information regarding potential causes and consequences, see the help associated with the option "Warning_duplicate_row".
Warning: Only 3 out of 33 duplicate row warnings were reported. 
See also option limit_reported_duplicate_column_row_warnings.
Warning: The row "WorstPriorConstraint(Job_8,Job_9,1)" with type <= is made obsolete because of row "WorstCaseFixCurrent(Job_9,1)" with type = in the generated mathematical program "UpdateWorstCase", see also the option "Warning_duplicate_row".
Warning: The row "WorstPriorConstraint(Job_8,Job_9,2)" with type <= is made obsolete because of row "WorstCaseFixCurrent(Job_9,2)" with type = in the generated mathematical program "UpdateWorstCase", see also the option "Warning_duplicate_row".
Warning: The row "WorstPriorConstraint(Job_8,Job_9,3)" with type <= is made obsolete because of row "WorstCaseFixCurrent(Job_9,3)" with type = in the generated mathematical program "UpdateWorstCase", see also the option "Warning_duplicate_row".
Warning: Only 3 out of 128 duplicate row warnings were reported. 
See also option limit_reported_duplicate_column_row_warnings.
Warning: The rows "JobPriorSeqCon(Job_1,Job_10,1)" and "JobMultiPreq1(Job_10,Job_9,1)" are equal in the generated mathematical program "JobSchedulingInt". 
This may lead to non-unique shadow prices. 
For more information regarding potential causes and consequences, see the help associated with the option "Warning_duplicate_row".
Warning: The rows "JobPriorSeqCon(Job_1,Job_10,1)" and "JobPriorSeqCon(Job_2,Job_10,1)" are equal in the generated mathematical program "JobSchedulingInt". 
This may lead to non-unique shadow prices. 
For more information regarding potential causes and consequences, see the help associated with the option "Warning_duplicate_row".
Warning: The rows "JobPriorSeqCon(Job_2,Job_10,1)" and "JobMultiPreq1(Job_10,Job_1,1)" are equal in the generated mathematical program "JobSchedulingInt". 
This may lead to non-unique shadow prices. 
For more information regarding potential causes and consequences, see the help associated with the option "Warning_duplicate_row".
Warning: Only 3 out of 33 duplicate row warnings were reported. 
See also option limit_reported_duplicate_column_row_warnings.
The maximum of 20 warnings reached, further warnings suppressed. 
See also option maximal_number_of_warnings_reported
Warning: The rows "JobMultiPreq1(Mystery 1,Acquisition 1a,1)" and "JobMultiPreq1(Mystery 1,Acquisition 1b,1)" are equal in the generated mathematical program "JobSchedulingInt". 
This may lead to non-unique shadow prices. 
For more information regarding potential causes and consequences, see the help associated with the option "Warning_duplicate_row".
Warning: The rows "JobMultiPreq1(Mystery 1,Acquisition 1a,2)" and "JobMultiPreq1(Mystery 1,Acquisition 1b,2)" are equal in the generated mathematical program "JobSchedulingInt". 
This may lead to non-unique shadow prices. 
For more information regarding potential causes and consequences, see the help associated with the option "Warning_duplicate_row".
Warning: The rows "JobMultiPreq1(Mystery 1,Acquisition 1a,3)" and "JobMultiPreq1(Mystery 1,Acquisition 1b,3)" are equal in the generated mathematical program "JobSchedulingInt". 
This may lead to non-unique shadow prices. 
For more information regarding potential causes and consequences, see the help associated with the option "Warning_duplicate_row".
Warning: Only 3 out of 20 duplicate row warnings were reported. 
See also option limit_reported_duplicate_column_row_warnings.
Warning: The rows "JobMultiPreq1(Mystery 1,Acquisition 1a,1)" and "JobMultiPreq1(Mystery 1,Acquisition 1b,1)" are equal in the generated mathematical program "JobSchedulingInt". 
This may lead to non-unique shadow prices. 
For more information regarding potential causes and consequences, see the help associated with the option "Warning_duplicate_row".
Warning: The rows "JobMultiPreq1(Mystery 1,Acquisition 1a,2)" and "JobMultiPreq1(Mystery 1,Acquisition 1b,2)" are equal in the generated mathematical program "JobSchedulingInt". 
This may lead to non-unique shadow prices. 
For more information regarding potential causes and consequences, see the help associated with the option "Warning_duplicate_row".
Warning: The rows "JobMultiPreq1(Mystery 1,Acquisition 1a,3)" and "JobMultiPreq1(Mystery 1,Acquisition 1b,3)" are equal in the generated mathematical program "JobSchedulingInt". 
This may lead to non-unique shadow prices. 
For more information regarding potential causes and consequences, see the help associated with the option "Warning_duplicate_row".
Warning: Only 3 out of 20 duplicate row warnings were reported. 
See also option limit_reported_duplicate_column_row_warnings.
Warning: The rows "JobMultiPreq1(Mystery 1,Acquisition 1a,1)" and "JobMultiPreq1(Mystery 1,Acquisition 1b,1)" are equal in the generated mathematical program "JobSchedulingInt". 
This may lead to non-unique shadow prices. 
For more information regarding potential causes and consequences, see the help associated with the option "Warning_duplicate_row".
Warning: The rows "JobMultiPreq1(Mystery 1,Acquisition 1a,2)" and "JobMultiPreq1(Mystery 1,Acquisition 1b,2)" are equal in the generated mathematical program "JobSchedulingInt". 
This may lead to non-unique shadow prices. 
For more information regarding potential causes and consequences, see the help associated with the option "Warning_duplicate_row".
Warning: The rows "JobMultiPreq1(Mystery 1,Acquisition 1a,3)" and "JobMultiPreq1(Mystery 1,Acquisition 1b,3)" are equal in the generated mathematical program "JobSchedulingInt". 
This may lead to non-unique shadow prices. 
For more information regarding potential causes and consequences, see the help associated with the option "Warning_duplicate_row".
Warning: Only 3 out of 20 duplicate row warnings were reported. 
See also option limit_reported_duplicate_column_row_warnings.
Warning: The rows "WorstCaseFixCurrent(Acquisition 1a,1)" and "WorstCaseLimitedSelection(Acquisition 1a,1)" are equal in the generated mathematical program "UpdateWorstCase". 
This may lead to non-unique shadow prices. 
For more information regarding potential causes and consequences, see the help associated with the option "Warning_duplicate_row".
Warning: The rows "WorstCaseFixCurrent(Acquisition 1a,2)" and "WorstCaseLimitedSelection(Acquisition 1a,2)" are equal in the generated mathematical program "UpdateWorstCase". 
This may lead to non-unique shadow prices. 
For more information regarding potential causes and consequences, see the help associated with the option "Warning_duplicate_row".
Warning: The rows "WorstCaseFixCurrent(Acquisition 1a,3)" and "WorstCaseLimitedSelection(Acquisition 1a,3)" are equal in the generated mathematical program "UpdateWorstCase". 
This may lead to non-unique shadow prices. 
For more information regarding potential causes and consequences, see the help associated with the option "Warning_duplicate_row".
Warning: Only 3 out of 394 duplicate row warnings were reported. 
See also option limit_reported_duplicate_column_row_warnings.
Warning: The rows "JobMultiPreq1(Mystery 1,Acquisition 1a,1)" and "JobMultiPreq1(Mystery 1,Acquisition 1b,1)" are equal in the generated mathematical program "JobSchedulingInt". 
This may lead to non-unique shadow prices. 
For more information regarding potential causes and consequences, see the help associated with the option "Warning_duplicate_row".
Warning: The rows "JobMultiPreq1(Mystery 1,Acquisition 1a,2)" and "JobMultiPreq1(Mystery 1,Acquisition 1b,2)" are equal in the generated mathematical program "JobSchedulingInt". 
This may lead to non-unique shadow prices. 
For more information regarding potential causes and consequences, see the help associated with the option "Warning_duplicate_row".
Warning: The rows "JobMultiPreq1(Mystery 1,Acquisition 1a,3)" and "JobMultiPreq1(Mystery 1,Acquisition 1b,3)" are equal in the generated mathematical program "JobSchedulingInt". 
This may lead to non-unique shadow prices. 
For more information regarding potential causes and consequences, see the help associated with the option "Warning_duplicate_row".
Warning: Only 3 out of 20 duplicate row warnings were reported. 
See also option limit_reported_duplicate_column_row_warnings.
The maximum of 20 warnings reached, further warnings suppressed. 
See also option maximal_number_of_warnings_reported
Warning: The rows "JobMultiPreq1(Mystery 1,Acquisition 1a,1)" and "JobMultiPreq1(Mystery 1,Acquisition 1b,1)" are equal in the generated mathematical program "JobSchedulingInt". 
This may lead to non-unique shadow prices. 
For more information regarding potential causes and consequences, see the help associated with the option "Warning_duplicate_row".
Warning: The rows "JobMultiPreq1(Mystery 1,Acquisition 1a,2)" and "JobMultiPreq1(Mystery 1,Acquisition 1b,2)" are equal in the generated mathematical program "JobSchedulingInt". 
This may lead to non-unique shadow prices. 
For more information regarding potential causes and consequences, see the help associated with the option "Warning_duplicate_row".
Warning: The rows "JobMultiPreq1(Mystery 1,Acquisition 1a,3)" and "JobMultiPreq1(Mystery 1,Acquisition 1b,3)" are equal in the generated mathematical program "JobSchedulingInt". 
This may lead to non-unique shadow prices. 
For more information regarding potential causes and consequences, see the help associated with the option "Warning_duplicate_row".
Warning: Only 3 out of 20 duplicate row warnings were reported. 
See also option limit_reported_duplicate_column_row_warnings.
Warning: The rows "JobMultiPreq1(Mystery 1,Acquisition 1a,1)" and "JobMultiPreq1(Mystery 1,Acquisition 1b,1)" are equal in the generated mathematical program "JobSchedulingInt". 
This may lead to non-unique shadow prices. 
For more information regarding potential causes and consequences, see the help associated with the option "Warning_duplicate_row".
Warning: The rows "JobMultiPreq1(Mystery 1,Acquisition 1a,2)" and "JobMultiPreq1(Mystery 1,Acquisition 1b,2)" are equal in the generated mathematical program "JobSchedulingInt". 
This may lead to non-unique shadow prices. 
For more information regarding potential causes and consequences, see the help associated with the option "Warning_duplicate_row".
Warning: The rows "JobMultiPreq1(Mystery 1,Acquisition 1a,3)" and "JobMultiPreq1(Mystery 1,Acquisition 1b,3)" are equal in the generated mathematical program "JobSchedulingInt". 
This may lead to non-unique shadow prices. 
For more information regarding potential causes and consequences, see the help associated with the option "Warning_duplicate_row".
Warning: Only 3 out of 20 duplicate row warnings were reported. 
See also option limit_reported_duplicate_column_row_warnings.
Warning: The rows "JobMultiPreq1(Mystery 1,Acquisition 1a,1)" and "JobMultiPreq1(Mystery 1,Acquisition 1b,1)" are equal in the generated mathematical program "JobSchedulingInt". 
This may lead to non-unique shadow prices. 
For more information regarding potential causes and consequences, see the help associated with the option "Warning_duplicate_row".
Warning: The rows "JobMultiPreq1(Mystery 1,Acquisition 1a,2)" and "JobMultiPreq1(Mystery 1,Acquisition 1b,2)" are equal in the generated mathematical program "JobSchedulingInt". 
This may lead to non-unique shadow prices. 
For more information regarding potential causes and consequences, see the help associated with the option "Warning_duplicate_row".
Warning: The rows "JobMultiPreq1(Mystery 1,Acquisition 1a,3)" and "JobMultiPreq1(Mystery 1,Acquisition 1b,3)" are equal in the generated mathematical program "JobSchedulingInt". 
This may lead to non-unique shadow prices. 
For more information regarding potential causes and consequences, see the help associated with the option "Warning_duplicate_row".
Warning: Only 3 out of 20 duplicate row warnings were reported. 
See also option limit_reported_duplicate_column_row_warnings.
Warning: The rows "WorstCaseFixCurrent(Acquisition 1a,1)" and "WorstCaseLimitedSelection(Acquisition 1a,1)" are equal in the generated mathematical program "UpdateWorstCase". 
This may lead to non-unique shadow prices. 
For more information regarding potential causes and consequences, see the help associated with the option "Warning_duplicate_row".
Warning: The rows "WorstCaseFixCurrent(Acquisition 1a,2)" and "WorstCaseLimitedSelection(Acquisition 1a,2)" are equal in the generated mathematical program "UpdateWorstCase". 
This may lead to non-unique shadow prices. 
For more information regarding potential causes and consequences, see the help associated with the option "Warning_duplicate_row".
Warning: The rows "WorstCaseFixCurrent(Acquisition 1a,4)" and "WorstCaseLimitedSelection(Acquisition 1a,4)" are equal in the generated mathematical program "UpdateWorstCase". 
This may lead to non-unique shadow prices. 
For more information regarding potential causes and consequences, see the help associated with the option "Warning_duplicate_row".
Warning: Only 3 out of 263 duplicate row warnings were reported. 
See also option limit_reported_duplicate_column_row_warnings.
Warning: The rows "JobMultiPreq1(Mystery 1,Acquisition 1a,1)" and "JobMultiPreq1(Mystery 1,Acquisition 1b,1)" are equal in the generated mathematical program "JobSchedulingInt". 
This may lead to non-unique shadow prices. 
For more information regarding potential causes and consequences, see the help associated with the option "Warning_duplicate_row".
Warning: The rows "JobMultiPreq1(Mystery 1,Acquisition 1a,2)" and "JobMultiPreq1(Mystery 1,Acquisition 1b,2)" are equal in the generated mathematical program "JobSchedulingInt". 
This may lead to non-unique shadow prices. 
For more information regarding potential causes and consequences, see the help associated with the option "Warning_duplicate_row".
Warning: The rows "JobMultiPreq1(Mystery 1,Acquisition 1a,3)" and "JobMultiPreq1(Mystery 1,Acquisition 1b,3)" are equal in the generated mathematical program "JobSchedulingInt". 
This may lead to non-unique shadow prices. 
For more information regarding potential causes and consequences, see the help associated with the option "Warning_duplicate_row".
Warning: Only 3 out of 20 duplicate row warnings were reported. 
See also option limit_reported_duplicate_column_row_warnings.
The maximum of 20 warnings reached, further warnings suppressed. 
See also option maximal_number_of_warnings_reported
Warning: The rows "JobMultiPreq1(Mystery 1,Acquisition 1a,1)" and "JobMultiPreq1(Mystery 1,Acquisition 1b,1)" are equal in the generated mathematical program "JobSchedulingInt". 
This may lead to non-unique shadow prices. 
For more information regarding potential causes and consequences, see the help associated with the option "Warning_duplicate_row".
Warning: The rows "JobMultiPreq1(Mystery 1,Acquisition 1a,2)" and "JobMultiPreq1(Mystery 1,Acquisition 1b,2)" are equal in the generated mathematical program "JobSchedulingInt". 
This may lead to non-unique shadow prices. 
For more information regarding potential causes and consequences, see the help associated with the option "Warning_duplicate_row".
Warning: The rows "JobMultiPreq1(Mystery 1,Acquisition 1a,3)" and "JobMultiPreq1(Mystery 1,Acquisition 1b,3)" are equal in the generated mathematical program "JobSchedulingInt". 
This may lead to non-unique shadow prices. 
For more information regarding potential causes and consequences, see the help associated with the option "Warning_duplicate_row".
Warning: Only 3 out of 20 duplicate row warnings were reported. 
See also option limit_reported_duplicate_column_row_warnings.
Warning: The rows "JobMultiPreq1(Mystery 1,Acquisition 1a,1)" and "JobMultiPreq1(Mystery 1,Acquisition 1b,1)" are equal in the generated mathematical program "JobSchedulingInt". 
This may lead to non-unique shadow prices. 
For more information regarding potential causes and consequences, see the help associated with the option "Warning_duplicate_row".
Warning: The rows "JobMultiPreq1(Mystery 1,Acquisition 1a,2)" and "JobMultiPreq1(Mystery 1,Acquisition 1b,2)" are equal in the generated mathematical program "JobSchedulingInt". 
This may lead to non-unique shadow prices. 
For more information regarding potential causes and consequences, see the help associated with the option "Warning_duplicate_row".
Warning: The rows "JobMultiPreq1(Mystery 1,Acquisition 1a,3)" and "JobMultiPreq1(Mystery 1,Acquisition 1b,3)" are equal in the generated mathematical program "JobSchedulingInt". 
This may lead to non-unique shadow prices. 
For more information regarding potential causes and consequences, see the help associated with the option "Warning_duplicate_row".
Warning: Only 3 out of 20 duplicate row warnings were reported. 
See also option limit_reported_duplicate_column_row_warnings.
Warning: The rows "JobMultiPreq1(Mystery 1,Acquisition 1a,1)" and "JobMultiPreq1(Mystery 1,Acquisition 1b,1)" are equal in the generated mathematical program "JobSchedulingInt". 
This may lead to non-unique shadow prices. 
For more information regarding potential causes and consequences, see the help associated with the option "Warning_duplicate_row".
Warning: The rows "JobMultiPreq1(Mystery 1,Acquisition 1a,2)" and "JobMultiPreq1(Mystery 1,Acquisition 1b,2)" are equal in the generated mathematical program "JobSchedulingInt". 
This may lead to non-unique shadow prices. 
For more information regarding potential causes and consequences, see the help associated with the option "Warning_duplicate_row".
Warning: The rows "JobMultiPreq1(Mystery 1,Acquisition 1a,3)" and "JobMultiPreq1(Mystery 1,Acquisition 1b,3)" are equal in the generated mathematical program "JobSchedulingInt". 
This may lead to non-unique shadow prices. 
For more information regarding potential causes and consequences, see the help associated with the option "Warning_duplicate_row".
Warning: Only 3 out of 20 duplicate row warnings were reported. 
See also option limit_reported_duplicate_column_row_warnings.
Warning: The rows "JobMultiPreq1(Mystery 1,Acquisition 1a,1)" and "JobMultiPreq1(Mystery 1,Acquisition 1b,1)" are equal in the generated mathematical program "JobSchedulingInt". 
This may lead to non-unique shadow prices. 
For more information regarding potential causes and consequences, see the help associated with the option "Warning_duplicate_row".
Warning: The rows "JobMultiPreq1(Mystery 1,Acquisition 1a,2)" and "JobMultiPreq1(Mystery 1,Acquisition 1b,2)" are equal in the generated mathematical program "JobSchedulingInt". 
This may lead to non-unique shadow prices. 
For more information regarding potential causes and consequences, see the help associated with the option "Warning_duplicate_row".
Warning: The rows "JobMultiPreq1(Mystery 1,Acquisition 1a,3)" and "JobMultiPreq1(Mystery 1,Acquisition 1b,3)" are equal in the generated mathematical program "JobSchedulingInt". 
This may lead to non-unique shadow prices. 
For more information regarding potential causes and consequences, see the help associated with the option "Warning_duplicate_row".
Warning: Only 3 out of 20 duplicate row warnings were reported. 
See also option limit_reported_duplicate_column_row_warnings.
Warning: The rows "JobMultiPreq1(Mystery 1,Acquisition 1a,1)" and "JobMultiPreq1(Mystery 1,Acquisition 1b,1)" are equal in the generated mathematical program "JobSchedulingInt". 
This may lead to non-unique shadow prices. 
For more information regarding potential causes and consequences, see the help associated with the option "Warning_duplicate_row".
Warning: The rows "JobMultiPreq1(Mystery 1,Acquisition 1a,2)" and "JobMultiPreq1(Mystery 1,Acquisition 1b,2)" are equal in the generated mathematical program "JobSchedulingInt". 
This may lead to non-unique shadow prices. 
For more information regarding potential causes and consequences, see the help associated with the option "Warning_duplicate_row".
Warning: The rows "JobMultiPreq1(Mystery 1,Acquisition 1a,3)" and "JobMultiPreq1(Mystery 1,Acquisition 1b,3)" are equal in the generated mathematical program "JobSchedulingInt". 
This may lead to non-unique shadow prices. 
For more information regarding potential causes and consequences, see the help associated with the option "Warning_duplicate_row".
Warning: Only 3 out of 20 duplicate row warnings were reported. 
See also option limit_reported_duplicate_column_row_warnings.
The maximum of 20 warnings reached, further warnings suppressed. 
See also option maximal_number_of_warnings_reported
Warning: The rows "JobPriorSeqCon(Job_1,Job_10,1)" and "JobMultiPreq1(Job_10,Job_9,1)" are equal in the generated mathematical program "JobSchedulingInt". 
This may lead to non-unique shadow prices. 
For more information regarding potential causes and consequences, see the help associated with the option "Warning_duplicate_row".
Warning: The rows "JobPriorSeqCon(Job_1,Job_10,1)" and "JobPriorSeqCon(Job_2,Job_10,1)" are equal in the generated mathematical program "JobSchedulingInt". 
This may lead to non-unique shadow prices. 
For more information regarding potential causes and consequences, see the help associated with the option "Warning_duplicate_row".
Warning: The rows "JobPriorSeqCon(Job_2,Job_10,1)" and "JobMultiPreq1(Job_10,Job_1,1)" are equal in the generated mathematical program "JobSchedulingInt". 
This may lead to non-unique shadow prices. 
For more information regarding potential causes and consequences, see the help associated with the option "Warning_duplicate_row".
Warning: Only 3 out of 33 duplicate row warnings were reported. 
See also option limit_reported_duplicate_column_row_warnings.
Warning: The rows "JobPriorSeqCon(Job_1,Job_10,1)" and "JobMultiPreq1(Job_10,Job_9,1)" are equal in the generated mathematical program "JobSchedulingInt". 
This may lead to non-unique shadow prices. 
For more information regarding potential causes and consequences, see the help associated with the option "Warning_duplicate_row".
Warning: The rows "JobPriorSeqCon(Job_1,Job_10,1)" and "JobPriorSeqCon(Job_2,Job_10,1)" are equal in the generated mathematical program "JobSchedulingInt". 
This may lead to non-unique shadow prices. 
For more information regarding potential causes and consequences, see the help associated with the option "Warning_duplicate_row".
Warning: The rows "JobPriorSeqCon(Job_2,Job_10,1)" and "JobMultiPreq1(Job_10,Job_1,1)" are equal in the generated mathematical program "JobSchedulingInt". 
This may lead to non-unique shadow prices. 
For more information regarding potential causes and consequences, see the help associated with the option "Warning_duplicate_row".
Warning: Only 3 out of 33 duplicate row warnings were reported. 
See also option limit_reported_duplicate_column_row_warnings.
Warning: The rows "JobPriorSeqCon(Job_1,Job_10,1)" and "JobMultiPreq1(Job_10,Job_9,1)" are equal in the generated mathematical program "JobSchedulingInt". 
This may lead to non-unique shadow prices. 
For more information regarding potential causes and consequences, see the help associated with the option "Warning_duplicate_row".
Warning: The rows "JobPriorSeqCon(Job_1,Job_10,1)" and "JobPriorSeqCon(Job_2,Job_10,1)" are equal in the generated mathematical program "JobSchedulingInt". 
This may lead to non-unique shadow prices. 
For more information regarding potential causes and consequences, see the help associated with the option "Warning_duplicate_row".
Warning: The rows "JobPriorSeqCon(Job_2,Job_10,1)" and "JobMultiPreq1(Job_10,Job_1,1)" are equal in the generated mathematical program "JobSchedulingInt". 
This may lead to non-unique shadow prices. 
For more information regarding potential causes and consequences, see the help associated with the option "Warning_duplicate_row".
Warning: Only 3 out of 33 duplicate row warnings were reported. 
See also option limit_reported_duplicate_column_row_warnings.
Warning: The row "WorstPriorConstraint(Job_8,Job_9,1)" with type <= is made obsolete because of row "WorstCaseFixCurrent(Job_9,1)" with type = in the generated mathematical program "UpdateWorstCase", see also the option "Warning_duplicate_row".
Warning: The row "WorstPriorConstraint(Job_8,Job_9,2)" with type <= is made obsolete because of row "WorstCaseFixCurrent(Job_9,2)" with type = in the generated mathematical program "UpdateWorstCase", see also the option "Warning_duplicate_row".
Warning: The row "WorstPriorConstraint(Job_8,Job_9,3)" with type <= is made obsolete because of row "WorstCaseFixCurrent(Job_9,3)" with type = in the generated mathematical program "UpdateWorstCase", see also the option "Warning_duplicate_row".
Warning: Only 3 out of 128 duplicate row warnings were reported. 
See also option limit_reported_duplicate_column_row_warnings.
Warning: The rows "JobPriorSeqCon(Job_1,Job_10,1)" and "JobMultiPreq1(Job_10,Job_9,1)" are equal in the generated mathematical program "JobSchedulingInt". 
This may lead to non-unique shadow prices. 
For more information regarding potential causes and consequences, see the help associated with the option "Warning_duplicate_row".
Warning: The rows "JobPriorSeqCon(Job_1,Job_10,1)" and "JobPriorSeqCon(Job_2,Job_10,1)" are equal in the generated mathematical program "JobSchedulingInt". 
This may lead to non-unique shadow prices. 
For more information regarding potential causes and consequences, see the help associated with the option "Warning_duplicate_row".
Warning: The rows "JobPriorSeqCon(Job_2,Job_10,1)" and "JobMultiPreq1(Job_10,Job_1,1)" are equal in the generated mathematical program "JobSchedulingInt". 
This may lead to non-unique shadow prices. 
For more information regarding potential causes and consequences, see the help associated with the option "Warning_duplicate_row".
Warning: Only 3 out of 33 duplicate row warnings were reported. 
See also option limit_reported_duplicate_column_row_warnings.
The maximum of 20 warnings reached, further warnings suppressed. 
See also option maximal_number_of_warnings_reported
Warning: The rows "JobPriorSeqCon(Job_1,Job_10,1)" and "JobMultiPreq1(Job_10,Job_9,1)" are equal in the generated mathematical program "JobSchedulingInt". 
This may lead to non-unique shadow prices. 
For more information regarding potential causes and consequences, see the help associated with the option "Warning_duplicate_row".
Warning: The rows "JobPriorSeqCon(Job_1,Job_10,1)" and "JobPriorSeqCon(Job_2,Job_10,1)" are equal in the generated mathematical program "JobSchedulingInt". 
This may lead to non-unique shadow prices. 
For more information regarding potential causes and consequences, see the help associated with the option "Warning_duplicate_row".
Warning: The rows "JobPriorSeqCon(Job_2,Job_10,1)" and "JobMultiPreq1(Job_10,Job_1,1)" are equal in the generated mathematical program "JobSchedulingInt". 
This may lead to non-unique shadow prices. 
For more information regarding potential causes and consequences, see the help associated with the option "Warning_duplicate_row".
Warning: Only 3 out of 33 duplicate row warnings were reported. 
See also option limit_reported_duplicate_column_row_warnings.
Warning: The rows "JobPriorSeqCon(Job_1,Job_10,1)" and "JobMultiPreq1(Job_10,Job_9,1)" are equal in the generated mathematical program "JobSchedulingInt". 
This may lead to non-unique shadow prices. 
For more information regarding potential causes and consequences, see the help associated with the option "Warning_duplicate_row".
Warning: The rows "JobPriorSeqCon(Job_1,Job_10,1)" and "JobPriorSeqCon(Job_2,Job_10,1)" are equal in the generated mathematical program "JobSchedulingInt". 
This may lead to non-unique shadow prices. 
For more information regarding potential causes and consequences, see the help associated with the option "Warning_duplicate_row".
Warning: The rows "JobPriorSeqCon(Job_2,Job_10,1)" and "JobMultiPreq1(Job_10,Job_1,1)" are equal in the generated mathematical program "JobSchedulingInt". 
This may lead to non-unique shadow prices. 
For more information regarding potential causes and consequences, see the help associated with the option "Warning_duplicate_row".
Warning: Only 3 out of 33 duplicate row warnings were reported. 
See also option limit_reported_duplicate_column_row_warnings.
Warning: The rows "JobPriorSeqCon(Job_1,Job_10,1)" and "JobMultiPreq1(Job_10,Job_9,1)" are equal in the generated mathematical program "JobSchedulingInt". 
This may lead to non-unique shadow prices. 
For more information regarding potential causes and consequences, see the help associated with the option "Warning_duplicate_row".
Warning: The rows "JobPriorSeqCon(Job_1,Job_10,1)" and "JobPriorSeqCon(Job_2,Job_10,1)" are equal in the generated mathematical program "JobSchedulingInt". 
This may lead to non-unique shadow prices. 
For more information regarding potential causes and consequences, see the help associated with the option "Warning_duplicate_row".
Warning: The rows "JobPriorSeqCon(Job_2,Job_10,1)" and "JobMultiPreq1(Job_10,Job_1,1)" are equal in the generated mathematical program "JobSchedulingInt". 
This may lead to non-unique shadow prices. 
For more information regarding potential causes and consequences, see the help associated with the option "Warning_duplicate_row".
Warning: Only 3 out of 33 duplicate row warnings were reported. 
See also option limit_reported_duplicate_column_row_warnings.
Warning: The row "WorstPriorConstraint(Job_8,Job_9,1)" with type <= is made obsolete because of row "WorstCaseFixCurrent(Job_9,1)" with type = in the generated mathematical program "UpdateWorstCase", see also the option "Warning_duplicate_row".
Warning: The row "WorstPriorConstraint(Job_8,Job_9,2)" with type <= is made obsolete because of row "WorstCaseFixCurrent(Job_9,2)" with type = in the generated mathematical program "UpdateWorstCase", see also the option "Warning_duplicate_row".
Warning: The row "WorstPriorConstraint(Job_8,Job_9,3)" with type <= is made obsolete because of row "WorstCaseFixCurrent(Job_9,3)" with type = in the generated mathematical program "UpdateWorstCase", see also the option "Warning_duplicate_row".
Warning: Only 3 out of 128 duplicate row warnings were reported. 
See also option limit_reported_duplicate_column_row_warnings.
Warning: The rows "JobPriorSeqCon(Job_1,Job_10,1)" and "JobMultiPreq1(Job_10,Job_9,1)" are equal in the generated mathematical program "JobSchedulingInt". 
This may lead to non-unique shadow prices. 
For more information regarding potential causes and consequences, see the help associated with the option "Warning_duplicate_row".
Warning: The rows "JobPriorSeqCon(Job_1,Job_10,1)" and "JobPriorSeqCon(Job_2,Job_10,1)" are equal in the generated mathematical program "JobSchedulingInt". 
This may lead to non-unique shadow prices. 
For more information regarding potential causes and consequences, see the help associated with the option "Warning_duplicate_row".
Warning: The rows "JobPriorSeqCon(Job_2,Job_10,1)" and "JobMultiPreq1(Job_10,Job_1,1)" are equal in the generated mathematical program "JobSchedulingInt". 
This may lead to non-unique shadow prices. 
For more information regarding potential causes and consequences, see the help associated with the option "Warning_duplicate_row".
Warning: Only 3 out of 33 duplicate row warnings were reported. 
See also option limit_reported_duplicate_column_row_warnings.
The maximum of 20 warnings reached, further warnings suppressed. 
See also option maximal_number_of_warnings_reported
Warning: The rows "JobPriorSeqCon(Job_1,Job_10,1)" and "JobMultiPreq1(Job_10,Job_9,1)" are equal in the generated mathematical program "JobSchedulingInt". 
This may lead to non-unique shadow prices. 
For more information regarding potential causes and consequences, see the help associated with the option "Warning_duplicate_row".
Warning: The rows "JobPriorSeqCon(Job_1,Job_10,1)" and "JobPriorSeqCon(Job_2,Job_10,1)" are equal in the generated mathematical program "JobSchedulingInt". 
This may lead to non-unique shadow prices. 
For more information regarding potential causes and consequences, see the help associated with the option "Warning_duplicate_row".
Warning: The rows "JobPriorSeqCon(Job_2,Job_10,1)" and "JobMultiPreq1(Job_10,Job_1,1)" are equal in the generated mathematical program "JobSchedulingInt". 
This may lead to non-unique shadow prices. 
For more information regarding potential causes and consequences, see the help associated with the option "Warning_duplicate_row".
Warning: Only 3 out of 33 duplicate row warnings were reported. 
See also option limit_reported_duplicate_column_row_warnings.
Warning: The rows "JobPriorSeqCon(Job_1,Job_10,1)" and "JobMultiPreq1(Job_10,Job_9,1)" are equal in the generated mathematical program "JobSchedulingInt". 
This may lead to non-unique shadow prices. 
For more information regarding potential causes and consequences, see the help associated with the option "Warning_duplicate_row".
Warning: The rows "JobPriorSeqCon(Job_1,Job_10,1)" and "JobPriorSeqCon(Job_2,Job_10,1)" are equal in the generated mathematical program "JobSchedulingInt". 
This may lead to non-unique shadow prices. 
For more information regarding potential causes and consequences, see the help associated with the option "Warning_duplicate_row".
Warning: The rows "JobPriorSeqCon(Job_2,Job_10,1)" and "JobMultiPreq1(Job_10,Job_1,1)" are equal in the generated mathematical program "JobSchedulingInt". 
This may lead to non-unique shadow prices. 
For more information regarding potential causes and consequences, see the help associated with the option "Warning_duplicate_row".
Warning: Only 3 out of 33 duplicate row warnings were reported. 
See also option limit_reported_duplicate_column_row_warnings.
Warning: The rows "JobPriorSeqCon(Job_1,Job_10,1)" and "JobMultiPreq1(Job_10,Job_9,1)" are equal in the generated mathematical program "JobSchedulingInt". 
This may lead to non-unique shadow prices. 
For more information regarding potential causes and consequences, see the help associated with the option "Warning_duplicate_row".
Warning: The rows "JobPriorSeqCon(Job_1,Job_10,1)" and "JobPriorSeqCon(Job_2,Job_10,1)" are equal in the generated mathematical program "JobSchedulingInt". 
This may lead to non-unique shadow prices. 
For more information regarding potential causes and consequences, see the help associated with the option "Warning_duplicate_row".
Warning: The rows "JobPriorSeqCon(Job_2,Job_10,1)" and "JobMultiPreq1(Job_10,Job_1,1)" are equal in the generated mathematical program "JobSchedulingInt". 
This may lead to non-unique shadow prices. 
For more information regarding potential causes and consequences, see the help associated with the option "Warning_duplicate_row".
Warning: Only 3 out of 33 duplicate row warnings were reported. 
See also option limit_reported_duplicate_column_row_warnings.
Warning: The row "WorstPriorConstraint(Job_8,Job_9,1)" with type <= is made obsolete because of row "WorstCaseFixCurrent(Job_9,1)" with type = in the generated mathematical program "UpdateWorstCase", see also the option "Warning_duplicate_row".
Warning: The row "WorstPriorConstraint(Job_8,Job_9,2)" with type <= is made obsolete because of row "WorstCaseFixCurrent(Job_9,2)" with type = in the generated mathematical program "UpdateWorstCase", see also the option "Warning_duplicate_row".
Warning: The row "WorstPriorConstraint(Job_8,Job_9,3)" with type <= is made obsolete because of row "WorstCaseFixCurrent(Job_9,3)" with type = in the generated mathematical program "UpdateWorstCase", see also the option "Warning_duplicate_row".
Warning: Only 3 out of 128 duplicate row warnings were reported. 
See also option limit_reported_duplicate_column_row_warnings.
Warning: The rows "JobPriorSeqCon(Job_1,Job_10,1)" and "JobMultiPreq1(Job_10,Job_9,1)" are equal in the generated mathematical program "JobSchedulingInt". 
This may lead to non-unique shadow prices. 
For more information regarding potential causes and consequences, see the help associated with the option "Warning_duplicate_row".
Warning: The rows "JobPriorSeqCon(Job_1,Job_10,1)" and "JobPriorSeqCon(Job_2,Job_10,1)" are equal in the generated mathematical program "JobSchedulingInt". 
This may lead to non-unique shadow prices. 
For more information regarding potential causes and consequences, see the help associated with the option "Warning_duplicate_row".
Warning: The rows "JobPriorSeqCon(Job_2,Job_10,1)" and "JobMultiPreq1(Job_10,Job_1,1)" are equal in the generated mathematical program "JobSchedulingInt". 
This may lead to non-unique shadow prices. 
For more information regarding potential causes and consequences, see the help associated with the option "Warning_duplicate_row".
Warning: Only 3 out of 33 duplicate row warnings were reported. 
See also option limit_reported_duplicate_column_row_warnings.
The maximum of 20 warnings reached, further warnings suppressed. 
See also option maximal_number_of_warnings_reported
Warning: The rows "JobPriorSeqCon(Job_1,Job_10,1)" and "JobMultiPreq1(Job_10,Job_9,1)" are equal in the generated mathematical program "JobSchedulingInt". 
This may lead to non-unique shadow prices. 
For more information regarding potential causes and consequences, see the help associated with the option "Warning_duplicate_row".
Warning: The rows "JobPriorSeqCon(Job_1,Job_10,1)" and "JobPriorSeqCon(Job_2,Job_10,1)" are equal in the generated mathematical program "JobSchedulingInt". 
This may lead to non-unique shadow prices. 
For more information regarding potential causes and consequences, see the help associated with the option "Warning_duplicate_row".
Warning: The rows "JobPriorSeqCon(Job_2,Job_10,1)" and "JobMultiPreq1(Job_10,Job_1,1)" are equal in the generated mathematical program "JobSchedulingInt". 
This may lead to non-unique shadow prices. 
For more information regarding potential causes and consequences, see the help associated with the option "Warning_duplicate_row".
Warning: Only 3 out of 33 duplicate row warnings were reported. 
See also option limit_reported_duplicate_column_row_warnings.
Warning: The rows "JobPriorSeqCon(Job_1,Job_10,1)" and "JobMultiPreq1(Job_10,Job_9,1)" are equal in the generated mathematical program "JobSchedulingInt". 
This may lead to non-unique shadow prices. 
For more information regarding potential causes and consequences, see the help associated with the option "Warning_duplicate_row".
Warning: The rows "JobPriorSeqCon(Job_1,Job_10,1)" and "JobPriorSeqCon(Job_2,Job_10,1)" are equal in the generated mathematical program "JobSchedulingInt". 
This may lead to non-unique shadow prices. 
For more information regarding potential causes and consequences, see the help associated with the option "Warning_duplicate_row".
Warning: The rows "JobPriorSeqCon(Job_2,Job_10,1)" and "JobMultiPreq1(Job_10,Job_1,1)" are equal in the generated mathematical program "JobSchedulingInt". 
This may lead to non-unique shadow prices. 
For more information regarding potential causes and consequences, see the help associated with the option "Warning_duplicate_row".
Warning: Only 3 out of 33 duplicate row warnings were reported. 
See also option limit_reported_duplicate_column_row_warnings.
Warning: The rows "JobPriorSeqCon(Job_1,Job_10,1)" and "JobMultiPreq1(Job_10,Job_9,1)" are equal in the generated mathematical program "JobSchedulingInt". 
This may lead to non-unique shadow prices. 
For more information regarding potential causes and consequences, see the help associated with the option "Warning_duplicate_row".
Warning: The rows "JobPriorSeqCon(Job_1,Job_10,1)" and "JobPriorSeqCon(Job_2,Job_10,1)" are equal in the generated mathematical program "JobSchedulingInt". 
This may lead to non-unique shadow prices. 
For more information regarding potential causes and consequences, see the help associated with the option "Warning_duplicate_row".
Warning: The rows "JobPriorSeqCon(Job_2,Job_10,1)" and "JobMultiPreq1(Job_10,Job_1,1)" are equal in the generated mathematical program "JobSchedulingInt". 
This may lead to non-unique shadow prices. 
For more information regarding potential causes and consequences, see the help associated with the option "Warning_duplicate_row".
Warning: Only 3 out of 33 duplicate row warnings were reported. 
See also option limit_reported_duplicate_column_row_warnings.
Warning: The row "WorstPriorConstraint(Job_8,Job_9,1)" with type <= is made obsolete because of row "WorstCaseFixCurrent(Job_9,1)" with type = in the generated mathematical program "UpdateWorstCase", see also the option "Warning_duplicate_row".
Warning: The row "WorstPriorConstraint(Job_8,Job_9,2)" with type <= is made obsolete because of row "WorstCaseFixCurrent(Job_9,2)" with type = in the generated mathematical program "UpdateWorstCase", see also the option "Warning_duplicate_row".
Warning: The row "WorstPriorConstraint(Job_8,Job_9,3)" with type <= is made obsolete because of row "WorstCaseFixCurrent(Job_9,3)" with type = in the generated mathematical program "UpdateWorstCase", see also the option "Warning_duplicate_row".
Warning: Only 3 out of 128 duplicate row warnings were reported. 
See also option limit_reported_duplicate_column_row_warnings.
Warning: The rows "JobPriorSeqCon(Job_1,Job_10,1)" and "JobMultiPreq1(Job_10,Job_9,1)" are equal in the generated mathematical program "JobSchedulingInt". 
This may lead to non-unique shadow prices. 
For more information regarding potential causes and consequences, see the help associated with the option "Warning_duplicate_row".
Warning: The rows "JobPriorSeqCon(Job_1,Job_10,1)" and "JobPriorSeqCon(Job_2,Job_10,1)" are equal in the generated mathematical program "JobSchedulingInt". 
This may lead to non-unique shadow prices. 
For more information regarding potential causes and consequences, see the help associated with the option "Warning_duplicate_row".
Warning: The rows "JobPriorSeqCon(Job_2,Job_10,1)" and "JobMultiPreq1(Job_10,Job_1,1)" are equal in the generated mathematical program "JobSchedulingInt". 
This may lead to non-unique shadow prices. 
For more information regarding potential causes and consequences, see the help associated with the option "Warning_duplicate_row".
Warning: Only 3 out of 33 duplicate row warnings were reported. 
See also option limit_reported_duplicate_column_row_warnings.
The maximum of 20 warnings reached, further warnings suppressed. 
See also option maximal_number_of_warnings_reported
Warning: The rows "JobPriorSeqCon(Job_1,Job_10,1)" and "JobMultiPreq1(Job_10,Job_9,1)" are equal in the generated mathematical program "JobSchedulingInt". 
This may lead to non-unique shadow prices. 
For more information regarding potential causes and consequences, see the help associated with the option "Warning_duplicate_row".
Warning: The rows "JobPriorSeqCon(Job_1,Job_10,1)" and "JobPriorSeqCon(Job_2,Job_10,1)" are equal in the generated mathematical program "JobSchedulingInt". 
This may lead to non-unique shadow prices. 
For more information regarding potential causes and consequences, see the help associated with the option "Warning_duplicate_row".
Warning: The rows "JobPriorSeqCon(Job_2,Job_10,1)" and "JobMultiPreq1(Job_10,Job_1,1)" are equal in the generated mathematical program "JobSchedulingInt". 
This may lead to non-unique shadow prices. 
For more information regarding potential causes and consequences, see the help associated with the option "Warning_duplicate_row".
Warning: Only 3 out of 33 duplicate row warnings were reported. 
See also option limit_reported_duplicate_column_row_warnings.
Warning: The rows "JobPriorSeqCon(Job_1,Job_10,1)" and "JobMultiPreq1(Job_10,Job_9,1)" are equal in the generated mathematical program "JobSchedulingInt". 
This may lead to non-unique shadow prices. 
For more information regarding potential causes and consequences, see the help associated with the option "Warning_duplicate_row".
Warning: The rows "JobPriorSeqCon(Job_1,Job_10,1)" and "JobPriorSeqCon(Job_2,Job_10,1)" are equal in the generated mathematical program "JobSchedulingInt". 
This may lead to non-unique shadow prices. 
For more information regarding potential causes and consequences, see the help associated with the option "Warning_duplicate_row".
Warning: The rows "JobPriorSeqCon(Job_2,Job_10,1)" and "JobMultiPreq1(Job_10,Job_1,1)" are equal in the generated mathematical program "JobSchedulingInt". 
This may lead to non-unique shadow prices. 
For more information regarding potential causes and consequences, see the help associated with the option "Warning_duplicate_row".
Warning: Only 3 out of 33 duplicate row warnings were reported. 
See also option limit_reported_duplicate_column_row_warnings.
Warning: The rows "JobPriorSeqCon(Job_1,Job_10,1)" and "JobMultiPreq1(Job_10,Job_9,1)" are equal in the generated mathematical program "JobSchedulingInt". 
This may lead to non-unique shadow prices. 
For more information regarding potential causes and consequences, see the help associated with the option "Warning_duplicate_row".
Warning: The rows "JobPriorSeqCon(Job_1,Job_10,1)" and "JobPriorSeqCon(Job_2,Job_10,1)" are equal in the generated mathematical program "JobSchedulingInt". 
This may lead to non-unique shadow prices. 
For more information regarding potential causes and consequences, see the help associated with the option "Warning_duplicate_row".
Warning: The rows "JobPriorSeqCon(Job_2,Job_10,1)" and "JobMultiPreq1(Job_10,Job_1,1)" are equal in the generated mathematical program "JobSchedulingInt". 
This may lead to non-unique shadow prices. 
For more information regarding potential causes and consequences, see the help associated with the option "Warning_duplicate_row".
Warning: Only 3 out of 33 duplicate row warnings were reported. 
See also option limit_reported_duplicate_column_row_warnings.
Warning: The row "WorstPriorConstraint(Job_8,Job_9,1)" with type <= is made obsolete because of row "WorstCaseFixCurrent(Job_9,1)" with type = in the generated mathematical program "UpdateWorstCase", see also the option "Warning_duplicate_row".
Warning: The row "WorstPriorConstraint(Job_8,Job_9,2)" with type <= is made obsolete because of row "WorstCaseFixCurrent(Job_9,2)" with type = in the generated mathematical program "UpdateWorstCase", see also the option "Warning_duplicate_row".
Warning: The row "WorstPriorConstraint(Job_8,Job_9,3)" with type <= is made obsolete because of row "WorstCaseFixCurrent(Job_9,3)" with type = in the generated mathematical program "UpdateWorstCase", see also the option "Warning_duplicate_row".
Warning: Only 3 out of 128 duplicate row warnings were reported. 
See also option limit_reported_duplicate_column_row_warnings.
Warning: The rows "JobPriorSeqCon(Job_1,Job_10,1)" and "JobMultiPreq1(Job_10,Job_9,1)" are equal in the generated mathematical program "JobSchedulingInt". 
This may lead to non-unique shadow prices. 
For more information regarding potential causes and consequences, see the help associated with the option "Warning_duplicate_row".
Warning: The rows "JobPriorSeqCon(Job_1,Job_10,1)" and "JobPriorSeqCon(Job_2,Job_10,1)" are equal in the generated mathematical program "JobSchedulingInt". 
This may lead to non-unique shadow prices. 
For more information regarding potential causes and consequences, see the help associated with the option "Warning_duplicate_row".
Warning: The rows "JobPriorSeqCon(Job_2,Job_10,1)" and "JobMultiPreq1(Job_10,Job_1,1)" are equal in the generated mathematical program "JobSchedulingInt". 
This may lead to non-unique shadow prices. 
For more information regarding potential causes and consequences, see the help associated with the option "Warning_duplicate_row".
Warning: Only 3 out of 33 duplicate row warnings were reported. 
See also option limit_reported_duplicate_column_row_warnings.
The maximum of 20 warnings reached, further warnings suppressed. 
See also option maximal_number_of_warnings_reported
Warning: The rows "JobPriorSeqCon(Job_1,Job_10,1)" and "JobMultiPreq1(Job_10,Job_9,1)" are equal in the generated mathematical program "JobSchedulingInt". 
This may lead to non-unique shadow prices. 
For more information regarding potential causes and consequences, see the help associated with the option "Warning_duplicate_row".
Warning: The rows "JobPriorSeqCon(Job_1,Job_10,1)" and "JobPriorSeqCon(Job_2,Job_10,1)" are equal in the generated mathematical program "JobSchedulingInt". 
This may lead to non-unique shadow prices. 
For more information regarding potential causes and consequences, see the help associated with the option "Warning_duplicate_row".
Warning: The rows "JobPriorSeqCon(Job_2,Job_10,1)" and "JobMultiPreq1(Job_10,Job_1,1)" are equal in the generated mathematical program "JobSchedulingInt". 
This may lead to non-unique shadow prices. 
For more information regarding potential causes and consequences, see the help associated with the option "Warning_duplicate_row".
Warning: Only 3 out of 33 duplicate row warnings were reported. 
See also option limit_reported_duplicate_column_row_warnings.
Warning: The rows "JobPriorSeqCon(Job_1,Job_10,1)" and "JobMultiPreq1(Job_10,Job_9,1)" are equal in the generated mathematical program "JobSchedulingInt". 
This may lead to non-unique shadow prices. 
For more information regarding potential causes and consequences, see the help associated with the option "Warning_duplicate_row".
Warning: The rows "JobPriorSeqCon(Job_1,Job_10,1)" and "JobPriorSeqCon(Job_2,Job_10,1)" are equal in the generated mathematical program "JobSchedulingInt". 
This may lead to non-unique shadow prices. 
For more information regarding potential causes and consequences, see the help associated with the option "Warning_duplicate_row".
Warning: The rows "JobPriorSeqCon(Job_2,Job_10,1)" and "JobMultiPreq1(Job_10,Job_1,1)" are equal in the generated mathematical program "JobSchedulingInt". 
This may lead to non-unique shadow prices. 
For more information regarding potential causes and consequences, see the help associated with the option "Warning_duplicate_row".
Warning: Only 3 out of 33 duplicate row warnings were reported. 
See also option limit_reported_duplicate_column_row_warnings.
Warning: The rows "JobPriorSeqCon(Job_1,Job_10,1)" and "JobMultiPreq1(Job_10,Job_9,1)" are equal in the generated mathematical program "JobSchedulingInt". 
This may lead to non-unique shadow prices. 
For more information regarding potential causes and consequences, see the help associated with the option "Warning_duplicate_row".
Warning: The rows "JobPriorSeqCon(Job_1,Job_10,1)" and "JobPriorSeqCon(Job_2,Job_10,1)" are equal in the generated mathematical program "JobSchedulingInt". 
This may lead to non-unique shadow prices. 
For more information regarding potential causes and consequences, see the help associated with the option "Warning_duplicate_row".
Warning: The rows "JobPriorSeqCon(Job_2,Job_10,1)" and "JobMultiPreq1(Job_10,Job_1,1)" are equal in the generated mathematical program "JobSchedulingInt". 
This may lead to non-unique shadow prices. 
For more information regarding potential causes and consequences, see the help associated with the option "Warning_duplicate_row".
Warning: Only 3 out of 33 duplicate row warnings were reported. 
See also option limit_reported_duplicate_column_row_warnings.
Warning: The row "WorstPriorConstraint(Job_8,Job_9,1)" with type <= is made obsolete because of row "WorstCaseFixCurrent(Job_9,1)" with type = in the generated mathematical program "UpdateWorstCase", see also the option "Warning_duplicate_row".
Warning: The row "WorstPriorConstraint(Job_8,Job_9,2)" with type <= is made obsolete because of row "WorstCaseFixCurrent(Job_9,2)" with type = in the generated mathematical program "UpdateWorstCase", see also the option "Warning_duplicate_row".
Warning: The row "WorstPriorConstraint(Job_8,Job_9,3)" with type <= is made obsolete because of row "WorstCaseFixCurrent(Job_9,3)" with type = in the generated mathematical program "UpdateWorstCase", see also the option "Warning_duplicate_row".
Warning: Only 3 out of 128 duplicate row warnings were reported. 
See also option limit_reported_duplicate_column_row_warnings.
Warning: The rows "JobPriorSeqCon(Job_1,Job_10,1)" and "JobMultiPreq1(Job_10,Job_9,1)" are equal in the generated mathematical program "JobSchedulingInt". 
This may lead to non-unique shadow prices. 
For more information regarding potential causes and consequences, see the help associated with the option "Warning_duplicate_row".
Warning: The rows "JobPriorSeqCon(Job_1,Job_10,1)" and "JobPriorSeqCon(Job_2,Job_10,1)" are equal in the generated mathematical program "JobSchedulingInt". 
This may lead to non-unique shadow prices. 
For more information regarding potential causes and consequences, see the help associated with the option "Warning_duplicate_row".
Warning: The rows "JobPriorSeqCon(Job_2,Job_10,1)" and "JobMultiPreq1(Job_10,Job_1,1)" are equal in the generated mathematical program "JobSchedulingInt". 
This may lead to non-unique shadow prices. 
For more information regarding potential causes and consequences, see the help associated with the option "Warning_duplicate_row".
Warning: Only 3 out of 33 duplicate row warnings were reported. 
See also option limit_reported_duplicate_column_row_warnings.
The maximum of 20 warnings reached, further warnings suppressed. 
See also option maximal_number_of_warnings_reported
